
*** Running vivado
    with args -log RCA_4.vds -m64 -product Vivado -mode batch -messageDb vivado.pb -notrace -source RCA_4.tcl


****** Vivado v2018.2 (64-bit)
  **** SW Build 2258646 on Thu Jun 14 20:03:12 MDT 2018
  **** IP Build 2256618 on Thu Jun 14 22:10:49 MDT 2018
    ** Copyright 1986-2018 Xilinx, Inc. All Rights Reserved.

source RCA_4.tcl -notrace
Command: synth_design -top RCA_4 -part xc7a35tcpg236-1
Starting synth_design
Attempting to get a license for feature 'Synthesis' and/or device 'xc7a35t'
INFO: [Common 17-349] Got license for feature 'Synthesis' and/or device 'xc7a35t'
INFO: Launching helper process for spawning children vivado processes
INFO: Helper process launched with PID 17716 
---------------------------------------------------------------------------------
Starting Synthesize : Time (s): cpu = 00:00:02 ; elapsed = 00:00:04 . Memory (MB): peak = 381.672 ; gain = 96.469
---------------------------------------------------------------------------------
INFO: [Synth 8-638] synthesizing module 'RCA_4' [C:/Users/Venura Kalhara/Desktop/Mora/Academic/SEM2/DiGi/Labs/Lab3/Lab3/Lab3.srcs/sources_1/new/RCA_4.vhd:25]
INFO: [Synth 8-3491] module 'FA' declared at 'C:/Users/Venura Kalhara/Desktop/Mora/Academic/SEM2/DiGi/Labs/Lab3/Lab3/Lab3.srcs/sources_1/new/FA.vhd:29' bound to instance 'FA_0' of component 'FA' [C:/Users/Venura Kalhara/Desktop/Mora/Academic/SEM2/DiGi/Labs/Lab3/Lab3/Lab3.srcs/sources_1/new/RCA_4.vhd:51]
INFO: [Synth 8-638] synthesizing module 'FA' [C:/Users/Venura Kalhara/Desktop/Mora/Academic/SEM2/DiGi/Labs/Lab3/Lab3/Lab3.srcs/sources_1/new/FA.vhd:37]
INFO: [Synth 8-3491] module 'Lab3HA' declared at 'C:/Users/Venura Kalhara/Desktop/Mora/Academic/SEM2/DiGi/Labs/Lab3/Lab3/Lab3.srcs/sources_1/new/Lab3HA.vhd:30' bound to instance 'HA_0' of component 'Lab3HA' [C:/Users/Venura Kalhara/Desktop/Mora/Academic/SEM2/DiGi/Labs/Lab3/Lab3/Lab3.srcs/sources_1/new/FA.vhd:48]
INFO: [Synth 8-638] synthesizing module 'Lab3HA' [C:/Users/Venura Kalhara/Desktop/Mora/Academic/SEM2/DiGi/Labs/Lab3/Lab3/Lab3.srcs/sources_1/new/Lab3HA.vhd:37]
INFO: [Synth 8-256] done synthesizing module 'Lab3HA' (1#1) [C:/Users/Venura Kalhara/Desktop/Mora/Academic/SEM2/DiGi/Labs/Lab3/Lab3/Lab3.srcs/sources_1/new/Lab3HA.vhd:37]
INFO: [Synth 8-3491] module 'Lab3HA' declared at 'C:/Users/Venura Kalhara/Desktop/Mora/Academic/SEM2/DiGi/Labs/Lab3/Lab3/Lab3.srcs/sources_1/new/Lab3HA.vhd:30' bound to instance 'HA_1' of component 'Lab3HA' [C:/Users/Venura Kalhara/Desktop/Mora/Academic/SEM2/DiGi/Labs/Lab3/Lab3/Lab3.srcs/sources_1/new/FA.vhd:54]
INFO: [Synth 8-256] done synthesizing module 'FA' (2#1) [C:/Users/Venura Kalhara/Desktop/Mora/Academic/SEM2/DiGi/Labs/Lab3/Lab3/Lab3.srcs/sources_1/new/FA.vhd:37]
INFO: [Synth 8-3491] module 'FA' declared at 'C:/Users/Venura Kalhara/Desktop/Mora/Academic/SEM2/DiGi/Labs/Lab3/Lab3/Lab3.srcs/sources_1/new/FA.vhd:29' bound to instance 'FA_1' of component 'FA' [C:/Users/Venura Kalhara/Desktop/Mora/Academic/SEM2/DiGi/Labs/Lab3/Lab3/Lab3.srcs/sources_1/new/RCA_4.vhd:61]
INFO: [Synth 8-3491] module 'FA' declared at 'C:/Users/Venura Kalhara/Desktop/Mora/Academic/SEM2/DiGi/Labs/Lab3/Lab3/Lab3.srcs/sources_1/new/FA.vhd:29' bound to instance 'FA_2' of component 'FA' [C:/Users/Venura Kalhara/Desktop/Mora/Academic/SEM2/DiGi/Labs/Lab3/Lab3/Lab3.srcs/sources_1/new/RCA_4.vhd:71]
INFO: [Synth 8-3491] module 'FA' declared at 'C:/Users/Venura Kalhara/Desktop/Mora/Academic/SEM2/DiGi/Labs/Lab3/Lab3/Lab3.srcs/sources_1/new/FA.vhd:29' bound to instance 'FA_3' of component 'FA' [C:/Users/Venura Kalhara/Desktop/Mora/Academic/SEM2/DiGi/Labs/Lab3/Lab3/Lab3.srcs/sources_1/new/RCA_4.vhd:81]
INFO: [Synth 8-256] done synthesizing module 'RCA_4' (3#1) [C:/Users/Venura Kalhara/Desktop/Mora/Academic/SEM2/DiGi/Labs/Lab3/Lab3/Lab3.srcs/sources_1/new/RCA_4.vhd:25]
---------------------------------------------------------------------------------
Finished Synthesize : Time (s): cpu = 00:00:02 ; elapsed = 00:00:04 . Memory (MB): peak = 436.746 ; gain = 151.543
---------------------------------------------------------------------------------
---------------------------------------------------------------------------------
Finished Constraint Validation : Time (s): cpu = 00:00:02 ; elapsed = 00:00:05 . Memory (MB): peak = 436.746 ; gain = 151.543
---------------------------------------------------------------------------------
---------------------------------------------------------------------------------
Start Loading Part and Timing Information
---------------------------------------------------------------------------------
Loading part: xc7a35tcpg236-1
---------------------------------------------------------------------------------
Finished Loading Part and Timing Information : Time (s): cpu = 00:00:02 ; elapsed = 00:00:05 . Memory (MB): peak = 436.746 ; gain = 151.543
---------------------------------------------------------------------------------
INFO: [Device 21-403] Loading part xc7a35tcpg236-1
---------------------------------------------------------------------------------
Finished RTL Optimization Phase 2 : Time (s): cpu = 00:00:02 ; elapsed = 00:00:05 . Memory (MB): peak = 436.746 ; gain = 151.543
---------------------------------------------------------------------------------

Report RTL Partitions: 
+-+--------------+------------+----------+
| |RTL Partition |Replication |Instances |
+-+--------------+------------+----------+
+-+--------------+------------+----------+
No constraint files found.
---------------------------------------------------------------------------------
Start RTL Component Statistics 
---------------------------------------------------------------------------------
Detailed RTL Component Info : 
+---XORs : 
	   2 Input      1 Bit         XORs := 13    
---------------------------------------------------------------------------------
Finished RTL Component Statistics 
---------------------------------------------------------------------------------
---------------------------------------------------------------------------------
Start RTL Hierarchical Component Statistics 
---------------------------------------------------------------------------------
Hierarchical RTL Component report 
Module RCA_4 
Detailed RTL Component Info : 
+---XORs : 
	   2 Input      1 Bit         XORs := 5     
Module Lab3HA 
Detailed RTL Component Info : 
+---XORs : 
	   2 Input      1 Bit         XORs := 1     
---------------------------------------------------------------------------------
Finished RTL Hierarchical Component Statistics
---------------------------------------------------------------------------------
---------------------------------------------------------------------------------
Start Part Resource Summary
---------------------------------------------------------------------------------
Part Resources:
DSPs: 90 (col length:60)
BRAMs: 100 (col length: RAMB18 60 RAMB36 30)
---------------------------------------------------------------------------------
Finished Part Resource Summary
---------------------------------------------------------------------------------
No constraint files found.
---------------------------------------------------------------------------------
Start Cross Boundary and Area Optimization
---------------------------------------------------------------------------------
Warning: Parallel synthesis criteria is not met 
---------------------------------------------------------------------------------
Finished Cross Boundary and Area Optimization : Time (s): cpu = 00:00:05 ; elapsed = 00:00:11 . Memory (MB): peak = 564.598 ; gain = 279.395
---------------------------------------------------------------------------------

Report RTL Partitions: 
+-+--------------+------------+----------+
| |RTL Partition |Replication |Instances |
+-+--------------+------------+----------+
+-+--------------+------------+----------+
No constraint files found.
---------------------------------------------------------------------------------
Start Timing Optimization
---------------------------------------------------------------------------------
---------------------------------------------------------------------------------
Finished Timing Optimization : Time (s): cpu = 00:00:06 ; elapsed = 00:00:11 . Memory (MB): peak = 564.598 ; gain = 279.395
---------------------------------------------------------------------------------

Report RTL Partitions: 
+-+--------------+------------+----------+
| |RTL Partition |Replication |Instances |
+-+--------------+------------+----------+
+-+--------------+------------+----------+
---------------------------------------------------------------------------------
Start Technology Mapping
---------------------------------------------------------------------------------
---------------------------------------------------------------------------------
Finished Technology Mapping : Time (s): cpu = 00:00:06 ; elapsed = 00:00:11 . Memory (MB): peak = 564.598 ; gain = 279.395
---------------------------------------------------------------------------------

Report RTL Partitions: 
+-+--------------+------------+----------+
| |RTL Partition |Replication |Instances |
+-+--------------+------------+----------+
+-+--------------+------------+----------+
---------------------------------------------------------------------------------
Start IO Insertion
---------------------------------------------------------------------------------
---------------------------------------------------------------------------------
Start Flattening Before IO Insertion
---------------------------------------------------------------------------------
---------------------------------------------------------------------------------
Finished Flattening Before IO Insertion
---------------------------------------------------------------------------------
---------------------------------------------------------------------------------
Start Final Netlist Cleanup
---------------------------------------------------------------------------------
---------------------------------------------------------------------------------
Finished Final Netlist Cleanup
---------------------------------------------------------------------------------
---------------------------------------------------------------------------------
Finished IO Insertion : Time (s): cpu = 00:00:06 ; elapsed = 00:00:12 . Memory (MB): peak = 564.598 ; gain = 279.395
---------------------------------------------------------------------------------

Report Check Netlist: 
+------+------------------+-------+---------+-------+------------------+
|      |Item              |Errors |Warnings |Status |Description       |
+------+------------------+-------+---------+-------+------------------+
|1     |multi_driven_nets |      0|        0|Passed |Multi driven nets |
+------+------------------+-------+---------+-------+------------------+
---------------------------------------------------------------------------------
Start Renaming Generated Instances
---------------------------------------------------------------------------------
---------------------------------------------------------------------------------
Finished Renaming Generated Instances : Time (s): cpu = 00:00:06 ; elapsed = 00:00:12 . Memory (MB): peak = 564.598 ; gain = 279.395
---------------------------------------------------------------------------------

Report RTL Partitions: 
+-+--------------+------------+----------+
| |RTL Partition |Replication |Instances |
+-+--------------+------------+----------+
+-+--------------+------------+----------+
---------------------------------------------------------------------------------
Start Rebuilding User Hierarchy
---------------------------------------------------------------------------------
---------------------------------------------------------------------------------
Finished Rebuilding User Hierarchy : Time (s): cpu = 00:00:06 ; elapsed = 00:00:12 . Memory (MB): peak = 564.598 ; gain = 279.395
---------------------------------------------------------------------------------
---------------------------------------------------------------------------------
Start Renaming Generated Ports
---------------------------------------------------------------------------------
---------------------------------------------------------------------------------
Finished Renaming Generated Ports : Time (s): cpu = 00:00:06 ; elapsed = 00:00:12 . Memory (MB): peak = 564.598 ; gain = 279.395
---------------------------------------------------------------------------------
---------------------------------------------------------------------------------
Start Handling Custom Attributes
---------------------------------------------------------------------------------
---------------------------------------------------------------------------------
Finished Handling Custom Attributes : Time (s): cpu = 00:00:06 ; elapsed = 00:00:12 . Memory (MB): peak = 564.598 ; gain = 279.395
---------------------------------------------------------------------------------
---------------------------------------------------------------------------------
Start Renaming Generated Nets
---------------------------------------------------------------------------------
---------------------------------------------------------------------------------
Finished Renaming Generated Nets : Time (s): cpu = 00:00:06 ; elapsed = 00:00:12 . Memory (MB): peak = 564.598 ; gain = 279.395
---------------------------------------------------------------------------------
---------------------------------------------------------------------------------
Start Writing Synthesis Report
---------------------------------------------------------------------------------

Report BlackBoxes: 
+-+--------------+----------+
| |BlackBox name |Instances |
+-+--------------+----------+
+-+--------------+----------+

Report Cell Usage: 
+------+-----+------+
|      |Cell |Count |
+------+-----+------+
|1     |LUT2 |     3|
|2     |LUT4 |     1|
|3     |LUT5 |     3|
|4     |LUT6 |     4|
|5     |IBUF |     9|
|6     |OBUF |     7|
+------+-----+------+

Report Instance Areas: 
+------+---------+-------+------+
|      |Instance |Module |Cells |
+------+---------+-------+------+
|1     |top      |       |    27|
+------+---------+-------+------+
---------------------------------------------------------------------------------
Finished Writing Synthesis Report : Time (s): cpu = 00:00:06 ; elapsed = 00:00:12 . Memory (MB): peak = 564.598 ; gain = 279.395
---------------------------------------------------------------------------------
Synthesis finished with 0 errors, 0 critical warnings and 0 warnings.
Synthesis Optimization Runtime : Time (s): cpu = 00:00:06 ; elapsed = 00:00:12 . Memory (MB): peak = 564.598 ; gain = 279.395
Synthesis Optimization Complete : Time (s): cpu = 00:00:06 ; elapsed = 00:00:12 . Memory (MB): peak = 564.598 ; gain = 279.395
INFO: [Project 1-571] Translating synthesized netlist
INFO: [Netlist 29-17] Analyzing 9 Unisim elements for replacement
INFO: [Netlist 29-28] Unisim Transformation completed in 0 CPU seconds
INFO: [Project 1-570] Preparing netlist for logic optimization
INFO: [Opt 31-138] Pushed 0 inverter(s) to 0 load pin(s).
INFO: [Project 1-111] Unisim Transformation Summary:
No Unisim elements were transformed.

INFO: [Common 17-83] Releasing license: Synthesis
21 Infos, 0 Warnings, 0 Critical Warnings and 0 Errors encountered.
synth_design completed successfully
synth_design: Time (s): cpu = 00:00:11 ; elapsed = 00:00:20 . Memory (MB): peak = 663.023 ; gain = 390.129
WARNING: [Constraints 18-5210] No constraint will be written out.
INFO: [Common 17-1381] The checkpoint 'C:/Users/Venura Kalhara/Desktop/Mora/Academic/SEM2/DiGi/Labs/Lab8/Lab8.runs/synth_1/RCA_4.dcp' has been generated.
INFO: [runtcl-4] Executing : report_utilization -file RCA_4_utilization_synth.rpt -pb RCA_4_utilization_synth.pb
report_utilization: Time (s): cpu = 00:00:00 ; elapsed = 00:00:00.119 . Memory (MB): peak = 663.023 ; gain = 0.000
INFO: [Common 17-206] Exiting Vivado at Wed Jun  7 18:59:55 2023...
